Hi
2022-01-16 15:48:00.728349
{'text': '2022/1/16 15:48:0'}
200
ok
Bye
Hi
2022-01-16 15:49:00.361911
{'text': '2022/1/16 15:49:0'}
200
ok
Bye
Hi
2022-01-16 15:50:00.880879
{'text': '2022/1/16 15:50:0'}
200
ok
Bye
Hi
2022-01-16 15:51:00.536438
{'text': '2022/1/16 15:51:0'}
200
ok
Bye
Hi
2022-01-16 15:52:01.172985
{'text': '2022/1/16 15:52:1'}
200
ok
Bye
Hi
2022-01-16 15:53:00.790033
{'text': '지금은 2022/1/16 15:53:0'}
200
ok
Bye
Hi
2022-01-16 15:54:00.429212
{'text': '지금은 2022/1/16 15:54:0'}
200
ok
Bye
Hi
2022-01-16 15:55:01.034353
{'text': '지금은 2022/1/16 15:55:1'}
200
ok
Bye
